\BOOKMARK [0][-]{chapter.1}{14 January 2020}{}% 1
\BOOKMARK [1][-]{section.1.1}{First Order Differential Equations}{chapter.1}% 2
\BOOKMARK [1][-]{section.1.2}{Differentiable Functions}{chapter.1}% 3
\BOOKMARK [1][-]{section.1.3}{Kinematics}{chapter.1}% 4
\BOOKMARK [0][-]{chapter.2}{16 January 2020}{}% 5
\BOOKMARK [1][-]{section.2.1}{Linear Differential Equations}{chapter.2}% 6
\BOOKMARK [0][-]{chapter.3}{21 January 2020}{}% 7
\BOOKMARK [1][-]{section.3.1}{Linear Differential Equations \(cont\).}{chapter.3}% 8
\BOOKMARK [1][-]{section.3.2}{Separable Differential Equations}{chapter.3}% 9
\BOOKMARK [0][-]{chapter.4}{23 January 2020}{}% 10
\BOOKMARK [1][-]{section.4.1}{Separable Equations \(cont.\)}{chapter.4}% 11
\BOOKMARK [1][-]{section.4.2}{Mathematical Modelling}{chapter.4}% 12
\BOOKMARK [0][-]{chapter.5}{28 January 2020}{}% 13
\BOOKMARK [1][-]{section.5.1}{Mathematical Modelling \(cont.\)}{chapter.5}% 14
\BOOKMARK [1][-]{section.5.2}{Exact Differential Equations}{chapter.5}% 15
\BOOKMARK [0][-]{chapter.6}{30 January 2020}{}% 16
\BOOKMARK [1][-]{section.6.1}{Exact Differential Equations \(cont.\)}{chapter.6}% 17
\BOOKMARK [0][-]{chapter.7}{4 February 2020}{}% 18
\BOOKMARK [1][-]{section.7.1}{Uniqueness and Exactness}{chapter.7}% 19
\BOOKMARK [0][-]{chapter.8}{6 February 2020}{}% 20
\BOOKMARK [1][-]{section.8.1}{First Order Differential Equation Review}{chapter.8}% 21
\BOOKMARK [1][-]{section.8.2}{Second Order Differential Equations}{chapter.8}% 22
\BOOKMARK [1][-]{section.8.3}{Homogeneous Second Order Linear Differential Equations with Constant Coefficients}{chapter.8}% 23
\BOOKMARK [0][-]{chapter.9}{11 February 2020}{}% 24
\BOOKMARK [1][-]{section.9.1}{Second Order Linear Differential Equations}{chapter.9}% 25
\BOOKMARK [1][-]{section.9.2}{Linear Algebra with 2 Unknowns Detour}{chapter.9}% 26
\BOOKMARK [1][-]{section.9.3}{Wronskian}{chapter.9}% 27
\BOOKMARK [1][-]{section.9.4}{Miscellaneous Definitions}{chapter.9}% 28
\BOOKMARK [0][-]{chapter.10}{13 February 2020}{}% 29
\BOOKMARK [1][-]{section.10.1}{Applications of the Wronskian}{chapter.10}% 30
\BOOKMARK [0][-]{chapter.11}{18 February 2020}{}% 31
\BOOKMARK [1][-]{section.11.1}{Test Corrections}{chapter.11}% 32
\BOOKMARK [0][-]{chapter.12}{20 February 2020}{}% 33
\BOOKMARK [0][-]{chapter.13}{25 February 2020}{}% 34
\BOOKMARK [0][-]{chapter.14}{27 February 2020}{}% 35
\BOOKMARK [0][-]{chapter.15}{3 March 2020}{}% 36
\BOOKMARK [0][-]{chapter.16}{5 March 2020}{}% 37
\BOOKMARK [0][-]{chapter.17}{17 March 2020}{}% 38
\BOOKMARK [0][-]{chapter.18}{22 March 2020}{}% 39
\BOOKMARK [0][-]{chapter.19}{24 March 2020}{}% 40
\BOOKMARK [0][-]{chapter.20}{29 March 2020}{}% 41
\BOOKMARK [0][-]{chapter.21}{31 March 2020}{}% 42
